2023-12-11 23:11:43.334  INFO 10136 --- [main] com.accessauth.AccessAuthApplication     : Starting AccessAuthApplication using Java 17.0.5 on DESKTOP-PF1TINM with PID 10136 (C:\Users\acer\Documents\workspace-spring-tool-suite-4-4.17.1.RELEASE\AccessAuth\target\classes started by acer in C:\Users\acer\Documents\workspace-spring-tool-suite-4-4.17.1.RELEASE\AccessAuth)
2023-12-11 23:11:43.348  INFO 10136 --- [main] com.accessauth.AccessAuthApplication     : No active profile set, falling back to 1 default profile: "default"
2023-12-11 23:11:44.765  INFO 10136 --- [main] .s.d.r.c.RepositoryConfigurationDelegate : Bootstrapping Spring Data JPA repositories in DEFAULT mode.
2023-12-11 23:11:45.155  INFO 10136 --- [main] .s.d.r.c.RepositoryConfigurationDelegate : Finished Spring Data repository scanning in 367 ms. Found 2 JPA repository interfaces.
2023-12-11 23:11:45.802  INFO 10136 --- [main] o.s.cloud.context.scope.GenericScope     : BeanFactory id=a9bb0b64-1873-3f86-ae5e-e66716620f51
2023-12-11 23:11:46.540  INFO 10136 --- [main] o.s.b.w.embedded.tomcat.TomcatWebServer  : Tomcat initialized with port(s): 9091 (http)
2023-12-11 23:11:46.561  INFO 10136 --- [main] o.apache.catalina.core.StandardService   : Starting service [Tomcat]
2023-12-11 23:11:46.562  INFO 10136 --- [main] org.apache.catalina.core.StandardEngine  : Starting Servlet engine: [Apache Tomcat/9.0.82]
2023-12-11 23:11:46.806  INFO 10136 --- [main] o.a.c.c.C.[Tomcat].[localhost].[/]       : Initializing Spring embedded WebApplicationContext
2023-12-11 23:11:46.807  INFO 10136 --- [main] w.s.c.ServletWebServerApplicationContext : Root WebApplicationContext: initialization completed in 3379 ms
2023-12-11 23:11:47.115  INFO 10136 --- [main] com.zaxxer.hikari.HikariDataSource       : HikariPool-1 - Starting...
2023-12-11 23:11:47.703  INFO 10136 --- [main] com.zaxxer.hikari.HikariDataSource       : HikariPool-1 - Start completed.
2023-12-11 23:11:47.788  INFO 10136 --- [main] o.hibernate.jpa.internal.util.LogHelper  : HHH000204: Processing PersistenceUnitInfo [name: default]
2023-12-11 23:11:47.930  INFO 10136 --- [main] org.hibernate.Version                    : HHH000412: Hibernate ORM core version 5.6.15.Final
2023-12-11 23:11:48.214  INFO 10136 --- [main] o.hibernate.annotations.common.Version   : HCANN000001: Hibernate Commons Annotations {5.1.2.Final}
2023-12-11 23:11:48.478  INFO 10136 --- [main] org.hibernate.dialect.Dialect            : HHH000400: Using dialect: org.hibernate.dialect.MySQL8Dialect
2023-12-11 23:11:49.525  INFO 10136 --- [main] o.h.e.t.j.p.i.JtaPlatformInitiator       : HHH000490: Using JtaPlatform implementation: [org.hibernate.engine.transaction.jta.platform.internal.NoJtaPlatform]
2023-12-11 23:11:49.548  INFO 10136 --- [main] j.LocalContainerEntityManagerFactoryBean : Initialized JPA EntityManagerFactory for persistence unit 'default'
2023-12-11 23:11:50.321  WARN 10136 --- [main] JpaBaseConfiguration$JpaWebConfiguration : spring.jpa.open-in-view is enabled by default. Therefore, database queries may be performed during view rendering. Explicitly configure spring.jpa.open-in-view to disable this warning
2023-12-11 23:11:50.648  INFO 10136 --- [main] o.s.s.web.DefaultSecurityFilterChain     : Will secure any request with [org.springframework.security.web.session.DisableEncodeUrlFilter@237bdbcb, org.springframework.security.web.context.request.async.WebAsyncManagerIntegrationFilter@16a15261, org.springframework.security.web.context.SecurityContextPersistenceFilter@17e66aed, org.springframework.security.web.header.HeaderWriterFilter@31921151, org.springframework.security.web.authentication.logout.LogoutFilter@2fca9fae, com.accessauth.config.JwtFilter@401002ce, org.springframework.security.web.savedrequest.RequestCacheAwareFilter@6a905513, org.springframework.security.web.servletapi.SecurityContextHolderAwareRequestFilter@9ba167e, org.springframework.security.web.authentication.AnonymousAuthenticationFilter@36ec4071, org.springframework.security.web.session.SessionManagementFilter@3ec98000, org.springframework.security.web.access.ExceptionTranslationFilter@1c7fd2e0, org.springframework.security.web.access.intercept.AuthorizationFilter@56f19f36]
2023-12-11 23:11:51.718  INFO 10136 --- [main] DiscoveryClientOptionalArgsConfiguration : Eureka HTTP Client uses RestTemplate.
2023-12-11 23:11:52.072  WARN 10136 --- [main] iguration$LoadBalancerCaffeineWarnLogger : Spring Cloud LoadBalancer is currently working with the default cache. While this cache implementation is useful for development and tests, it's recommended to use Caffeine cache in production.You can switch to using Caffeine cache, by adding it and org.springframework.cache.caffeine.CaffeineCacheManager to the classpath.
2023-12-11 23:11:52.206  INFO 10136 --- [main] o.s.c.n.eureka.InstanceInfoFactory       : Setting initial instance status as: STARTING
2023-12-11 23:11:52.286  INFO 10136 --- [main] com.netflix.discovery.DiscoveryClient    : Initializing Eureka in region us-east-1
2023-12-11 23:11:52.298  INFO 10136 --- [main] c.n.d.s.r.aws.ConfigClusterResolver      : Resolving eureka endpoints via configuration
2023-12-11 23:11:52.365  INFO 10136 --- [main] com.netflix.discovery.DiscoveryClient    : Disable delta property : false
2023-12-11 23:11:52.365  INFO 10136 --- [main] com.netflix.discovery.DiscoveryClient    : Single vip registry refresh property : null
2023-12-11 23:11:52.365  INFO 10136 --- [main] com.netflix.discovery.DiscoveryClient    : Force full registry fetch : false
2023-12-11 23:11:52.365  INFO 10136 --- [main] com.netflix.discovery.DiscoveryClient    : Application is null : false
2023-12-11 23:11:52.366  INFO 10136 --- [main] com.netflix.discovery.DiscoveryClient    : Registered Applications size is zero : true
2023-12-11 23:11:52.367  INFO 10136 --- [main] com.netflix.discovery.DiscoveryClient    : Application version is -1: true
2023-12-11 23:11:52.367  INFO 10136 --- [main] com.netflix.discovery.DiscoveryClient    : Getting all instance registry info from the eureka server
2023-12-11 23:11:52.959  INFO 10136 --- [main] com.netflix.discovery.DiscoveryClient    : The response status is 200
2023-12-11 23:11:52.967  INFO 10136 --- [main] com.netflix.discovery.DiscoveryClient    : Starting heartbeat executor: renew interval is: 30
2023-12-11 23:11:52.972  INFO 10136 --- [main] c.n.discovery.InstanceInfoReplicator     : InstanceInfoReplicator onDemand update allowed rate per min is 4
2023-12-11 23:11:52.985  INFO 10136 --- [main] com.netflix.discovery.DiscoveryClient    : Discovery Client initialized at timestamp 1702316512983 with initial instances count: 1
2023-12-11 23:11:52.990  INFO 10136 --- [main] o.s.c.n.e.s.EurekaServiceRegistry        : Registering application ACCESSAUTHSERVICE with eureka with status UP
2023-12-11 23:11:52.991  INFO 10136 --- [main] com.netflix.discovery.DiscoveryClient    : Saw local status change event StatusChangeEvent [timestamp=1702316512991, current=UP, previous=STARTING]
2023-12-11 23:11:52.996  INFO 10136 --- [DiscoveryClient-InstanceInfoReplicator-0] com.netflix.discovery.DiscoveryClient    : DiscoveryClient_ACCESSAUTHSERVICE/host.docker.internal:AccessAuthService:9091: registering service...
2023-12-11 23:11:53.047  INFO 10136 --- [main] o.s.b.w.embedded.tomcat.TomcatWebServer  : Tomcat started on port(s): 9091 (http) with context path ''
2023-12-11 23:11:53.049  INFO 10136 --- [main] .s.c.n.e.s.EurekaAutoServiceRegistration : Updating port to 9091
2023-12-11 23:11:53.110  INFO 10136 --- [DiscoveryClient-InstanceInfoReplicator-0] com.netflix.discovery.DiscoveryClient    : DiscoveryClient_ACCESSAUTHSERVICE/host.docker.internal:AccessAuthService:9091 - registration status: 204
2023-12-11 23:11:53.244  INFO 10136 --- [main] com.accessauth.AccessAuthApplication     : Started AccessAuthApplication in 11.058 seconds (JVM running for 12.357)
2023-12-11 23:14:45.689  INFO 10136 --- [http-nio-192.168.0.118-9091-exec-1] o.a.c.c.C.[Tomcat].[localhost].[/]       : Initializing Spring DispatcherServlet 'dispatcherServlet'
2023-12-11 23:14:45.695  INFO 10136 --- [http-nio-192.168.0.118-9091-exec-1] o.s.web.servlet.DispatcherServlet        : Initializing Servlet 'dispatcherServlet'
2023-12-11 23:14:45.697  INFO 10136 --- [http-nio-192.168.0.118-9091-exec-1] o.s.web.servlet.DispatcherServlet        : Completed initialization in 2 ms
2023-12-11 23:16:52.338  INFO 10136 --- [AsyncResolver-bootstrap-executor-0] c.n.d.s.r.aws.ConfigClusterResolver      : Resolving eureka endpoints via configuration
2023-12-11 23:19:36.696  INFO 10136 --- [RMI TCP Connection(12)-127.0.0.1] inMXBeanRegistrar$SpringApplicationAdmin : Application shutdown requested.
2023-12-11 23:19:36.701  INFO 10136 --- [RMI TCP Connection(12)-127.0.0.1] o.s.c.n.e.s.EurekaServiceRegistry        : Unregistering application ACCESSAUTHSERVICE with eureka with status DOWN
2023-12-11 23:19:36.701  INFO 10136 --- [RMI TCP Connection(12)-127.0.0.1] com.netflix.discovery.DiscoveryClient    : Saw local status change event StatusChangeEvent [timestamp=1702316976701, current=DOWN, previous=UP]
2023-12-11 23:19:36.701  INFO 10136 --- [DiscoveryClient-InstanceInfoReplicator-0] com.netflix.discovery.DiscoveryClient    : DiscoveryClient_ACCESSAUTHSERVICE/host.docker.internal:AccessAuthService:9091: registering service...
2023-12-11 23:19:36.705  INFO 10136 --- [RMI TCP Connection(12)-127.0.0.1] o.apache.catalina.core.StandardService   : Stopping service [Tomcat]
2023-12-11 23:19:36.709  INFO 10136 --- [RMI TCP Connection(12)-127.0.0.1] o.a.c.c.C.[Tomcat].[localhost].[/]       : Destroying Spring FrameworkServlet 'dispatcherServlet'
2023-12-11 23:19:36.709  INFO 10136 --- [DiscoveryClient-InstanceInfoReplicator-0] com.netflix.discovery.DiscoveryClient    : DiscoveryClient_ACCESSAUTHSERVICE/host.docker.internal:AccessAuthService:9091 - registration status: 204
2023-12-11 23:19:36.715  WARN 10136 --- [RMI TCP Connection(12)-127.0.0.1] o.a.c.loader.WebappClassLoaderBase       : The web application [ROOT] appears to have started a thread named [HikariPool-1 housekeeper] but has failed to stop it. This is very likely to create a memory leak. Stack trace of thread:
 java.base@17.0.5/jdk.internal.misc.Unsafe.park(Native Method)
 java.base@17.0.5/java.util.concurrent.locks.LockSupport.parkNanos(LockSupport.java:252)
 java.base@17.0.5/java.util.concurrent.locks.AbstractQueuedSynchronizer$ConditionObject.awaitNanos(AbstractQueuedSynchronizer.java:1672)
 java.base@17.0.5/java.util.concurrent.ScheduledThreadPoolExecutor$DelayedWorkQueue.take(ScheduledThreadPoolExecutor.java:1182)
 java.base@17.0.5/java.util.concurrent.ScheduledThreadPoolExecutor$DelayedWorkQueue.take(ScheduledThreadPoolExecutor.java:899)
 java.base@17.0.5/java.util.concurrent.ThreadPoolExecutor.getTask(ThreadPoolExecutor.java:1062)
 java.base@17.0.5/java.util.concurrent.ThreadPoolExecutor.runWorker(ThreadPoolExecutor.java:1122)
 java.base@17.0.5/java.util.concurrent.ThreadPoolExecutor$Worker.run(ThreadPoolExecutor.java:635)
 java.base@17.0.5/java.lang.Thread.run(Thread.java:833)
2023-12-11 23:19:36.727  INFO 10136 --- [RMI TCP Connection(12)-127.0.0.1] j.LocalContainerEntityManagerFactoryBean : Closing JPA EntityManagerFactory for persistence unit 'default'
2023-12-11 23:19:36.729  INFO 10136 --- [RMI TCP Connection(12)-127.0.0.1] com.zaxxer.hikari.HikariDataSource       : HikariPool-1 - Shutdown initiated...
2023-12-11 23:19:36.744  INFO 10136 --- [RMI TCP Connection(12)-127.0.0.1] com.zaxxer.hikari.HikariDataSource       : HikariPool-1 - Shutdown completed.
2023-12-11 23:19:36.744  INFO 10136 --- [RMI TCP Connection(12)-127.0.0.1] com.netflix.discovery.DiscoveryClient    : Shutting down DiscoveryClient ...
